celery beat v5.2.3 (dawn-chorus) is starting.
__    -    ... __   -        _
LocalTime -> 2022-02-28 10:46:57
Configuration ->
    . broker -> redis://127.0.0.1:6379//
    . loader -> celery.loaders.app.AppLoader
    . scheduler -> celery.beat.PersistentScheduler
    . db -> celerybeat-schedule
    . logfile -> [stderr]@%INFO
    . maxinterval -> 5.00 minutes (300s)
celery beat v5.2.3 (dawn-chorus) is starting.
__    -    ... __   -        _
LocalTime -> 2022-02-28 10:47:33
Configuration ->
    . broker -> redis://127.0.0.1:6379//
    . loader -> celery.loaders.app.AppLoader
    . scheduler -> celery.beat.PersistentScheduler
    . db -> celerybeat-schedule
    . logfile -> [stderr]@%INFO
    . maxinterval -> 5.00 minutes (300s)
